[2025-12-31 20:05:03] [INFO] Section: Dotfiles Configuration Applicator
[2025-12-31 20:05:03] [INFO] Section: Select Configurations to Apply
[2025-12-31 20:05:06] [INFO] Section: Select Configurations to Apply
[2025-12-31 20:05:07] [INFO] Backup directory: /home/kall/.config_backup_20251231_200503
[2025-12-31 20:05:07] [INFO] Backing up alacritty...
[2025-12-31 20:05:07] [INFO] Installing alacritty config...
[2025-12-31 20:05:07] [INFO] Backing up btop...
[2025-12-31 20:05:07] [INFO] Installing btop config...
[2025-12-31 20:05:07] [INFO] Backing up cava...
[2025-12-31 20:05:07] [INFO] Installing cava config...
[2025-12-31 20:05:07] [INFO] Backing up dunst...
[2025-12-31 20:05:07] [INFO] Installing dunst config...
[2025-12-31 20:05:07] [INFO] Backing up ghostty...
[2025-12-31 20:05:07] [INFO] Installing ghostty config...
[2025-12-31 20:05:07] [INFO] Backing up go-pray...
[2025-12-31 20:05:07] [INFO] Installing go-pray config...
[2025-12-31 20:05:07] [INFO] Backing up gtk-3.0...
[2025-12-31 20:05:07] [INFO] Installing gtk-3.0 config...
[2025-12-31 20:05:07] [INFO] Backing up gtk-4.0...
[2025-12-31 20:05:07] [INFO] Installing gtk-4.0 config...
[2025-12-31 20:05:07] [INFO] Backing up hypr...
[2025-12-31 20:05:07] [INFO] Installing hypr config...
[2025-12-31 20:05:07] [INFO] Backing up hypremoji...
[2025-12-31 20:05:07] [INFO] Installing hypremoji config...
[2025-12-31 20:05:07] [INFO] Backing up kitty...
[2025-12-31 20:05:07] [INFO] Installing kitty config...
[2025-12-31 20:05:07] [INFO] Backing up lazydocker...
[2025-12-31 20:05:07] [INFO] Installing lazydocker config...
[2025-12-31 20:05:07] [INFO] Backing up lazygit...
[2025-12-31 20:05:07] [INFO] Installing lazygit config...
